<?xml version="1.0" encoding="UTF-8"?>
<testng-results skipped="0" failed="0" ignored="0" total="1" passed="1">
  <reporter-output>
  </reporter-output>
  <suite name="Opencart test Suite" duration-ms="7520" started-at="2021-06-07T21:50:48 PDT" finished-at="2021-06-07T21:50:56 PDT">
    <groups>
      <group name="sanity">
        <method signature="TC_002_Login.test_Login()[pri:0, instance:testCases.TC_002_Login@7ce6a65d]" name="test_Login" class="testCases.TC_002_Login"/>
      </group> <!-- sanity -->
      <group name="master">
        <method signature="TC_002_Login.test_Login()[pri:0, instance:testCases.TC_002_Login@7ce6a65d]" name="test_Login" class="testCases.TC_002_Login"/>
      </group> <!-- master -->
    </groups>
    <test name="Opencart Tests" duration-ms="7520" started-at="2021-06-07T21:50:48 PDT" finished-at="2021-06-07T21:50:56 PDT">
      <class name="testCases.TC_002_Login">
        <test-method status="PASS" signature="setup(java.lang.String)[pri:0, instance:testCases.TC_002_Login@7ce6a65d]" name="setup" is-config="true" duration-ms="3962" started-at="2021-06-07T21:50:49 PDT" finished-at="2021-06-07T21:50:53 PDT">
          <params>
            <param index="0">
              <value>
                <![CDATA[chrome]]>
              </value>
            </param>
          </params>
          <reporter-output>
          </reporter-output>
        </test-method> <!-- setup -->
        <test-method status="PASS" signature="test_Login()[pri:0, instance:testCases.TC_002_Login@7ce6a65d]" name="test_Login" duration-ms="3338" started-at="2021-06-07T21:50:53 PDT" finished-at="2021-06-07T21:50:56 PDT">
          <reporter-output>
          </reporter-output>
        </test-method> <!-- test_Login -->
      </class> <!-- testCases.TC_002_Login -->
    </test> <!-- Opencart Tests -->
  </suite> <!-- Opencart test Suite -->
</testng-results>
