<?xml version="1.0" encoding="UTF-8"?>
<testng-results ignored="0" total="1" passed="1" failed="0" skipped="0">
  <reporter-output>
  </reporter-output>
  <suite started-at="2021-06-07T20:14:25 PDT" name="Opencart test Suite" finished-at="2021-06-07T20:14:38 PDT" duration-ms="13061">
    <groups>
      <group name="sanity">
        <method signature="TC_002_Login.test_Login()[pri:0, instance:testCases.TC_002_Login@7bd4937b]" name="test_Login" class="testCases.TC_002_Login"/>
      </group> <!-- sanity -->
      <group name="master">
        <method signature="TC_002_Login.test_Login()[pri:0, instance:testCases.TC_002_Login@7bd4937b]" name="test_Login" class="testCases.TC_002_Login"/>
      </group> <!-- master -->
    </groups>
    <test started-at="2021-06-07T20:14:25 PDT" name="Opencart Tests" finished-at="2021-06-07T20:14:38 PDT" duration-ms="13061">
      <class name="testCases.TC_002_Login">
        <test-method is-config="true" signature="setup(java.lang.String)[pri:0, instance:testCases.TC_002_Login@7bd4937b]" started-at="2021-06-07T20:14:25 PDT" name="setup" finished-at="2021-06-07T20:14:33 PDT" duration-ms="7395" status="PASS">
          <params>
            <param index="0">
              <value>
                <![CDATA[chrome]]>
              </value>
            </param>
          </params>
          <reporter-output>
          </reporter-output>
        </test-method> <!-- setup -->
        <test-method signature="test_Login()[pri:0, instance:testCases.TC_002_Login@7bd4937b]" started-at="2021-06-07T20:14:33 PDT" name="test_Login" finished-at="2021-06-07T20:14:38 PDT" duration-ms="4955" status="PASS">
          <reporter-output>
          </reporter-output>
        </test-method> <!-- test_Login -->
      </class> <!-- testCases.TC_002_Login -->
    </test> <!-- Opencart Tests -->
  </suite> <!-- Opencart test Suite -->
</testng-results>
